# JRE version: Java(TM) SE Runtime Environment (17.0.12+8) (build 17.0.12+8-LTS-286)
# Java VM: Java HotSpot(TM) 64-Bit Server VM (17.0.12+8-LTS-286, mixed mode, sharing, tiered, compressed oops, compressed class ptrs, g1 gc, windows-amd64)
GC Precious Log:
 CPUs: 4 total, 4 available
 Memory: 3880M
 Large Page Support: Disabled
 NUMA Support: Disabled
 Compressed Oops: Enabled (32-bit)
 Heap Region Size: 1M
 Heap Min Capacity: 8M
 Heap Initial Capacity: 62M
 Heap Max Capacity: 972M
 Pre-touch: Disabled
 Parallel Workers: 4
 Concurrent Workers: 1
 Concurrent Refinement Workers: 4
 Periodic GC: Disabled
Heap:
 garbage-first heap   total 96256K, used 64454K [0x00000000c3400000, 0x0000000100000000)
  region size 1024K, 14 young (14336K), 2 survivors (2048K)
 Metaspace       used 26178K, committed 26560K, reserved 1114112K
  class space    used 3034K, committed 3200K, reserved 1048576K
GC Heap History (20 events):
Event: 1.204 GC heap before
{Heap before GC invocations=1 (full 0):
 garbage-first heap   total 63488K, used 15520K [0x00000000c3400000, 0x0000000100000000)
  region size 1024K, 14 young (14336K), 2 survivors (2048K)
 Metaspace       used 5493K, committed 5696K, reserved 1114112K
  class space    used 660K, committed 768K, reserved 1048576K
}
Event: 1.210 GC heap after
{Heap after GC invocations=2 (full 0):
 garbage-first heap   total 63488K, used 4012K [0x00000000c3400000, 0x0000000100000000)
  region size 1024K, 1 young (1024K), 1 survivors (1024K)
 Metaspace       used 5493K, committed 5696K, reserved 1114112K
  class space    used 660K, committed 768K, reserved 1048576K
}
Event: 1.821 GC heap before
{Heap before GC invocations=2 (full 0):
 garbage-first heap   total 63488K, used 27564K [0x00000000c3400000, 0x0000000100000000)
  region size 1024K, 25 young (25600K), 1 survivors (1024K)
 Metaspace       used 8332K, committed 8512K, reserved 1114112K
  class space    used 989K, committed 1088K, reserved 1048576K
}
Event: 1.825 GC heap after
{Heap after GC invocations=3 (full 0):
 garbage-first heap   total 63488K, used 4701K [0x00000000c3400000, 0x0000000100000000)
  region size 1024K, 2 young (2048K), 2 survivors (2048K)
 Metaspace       used 8332K, committed 8512K, reserved 1114112K
  class space    used 989K, committed 1088K, reserved 1048576K
}
Event: 3.328 GC heap before
{Heap before GC invocations=3 (full 0):
 garbage-first heap   total 63488K, used 40541K [0x00000000c3400000, 0x0000000100000000)
  region size 1024K, 37 young (37888K), 2 survivors (2048K)
 Metaspace       used 14402K, committed 14592K, reserved 1114112K
  class space    used 1771K, committed 1856K, reserved 1048576K
}
Event: 3.343 GC heap after
{Heap after GC invocations=4 (full 0):
 garbage-first heap   total 63488K, used 8525K [0x00000000c3400000, 0x0000000100000000)
  region size 1024K, 5 young (5120K), 5 survivors (5120K)
 Metaspace       used 14402K, committed 14592K, reserved 1114112K
  class space    used 1771K, committed 1856K, reserved 1048576K
}
Event: 5.137 GC heap before
{Heap before GC invocations=4 (full 0):
 garbage-first heap   total 63488K, used 40269K [0x00000000c3400000, 0x0000000100000000)
  region size 1024K, 37 young (37888K), 5 survivors (5120K)
 Metaspace       used 21269K, committed 21504K, reserved 1114112K
  class space    used 2586K, committed 2688K, reserved 1048576K
}
Event: 5.160 GC heap after
{Heap after GC invocations=5 (full 0):
 garbage-first heap   total 63488K, used 13610K [0x00000000c3400000, 0x0000000100000000)
  region size 1024K, 5 young (5120K), 5 survivors (5120K)
 Metaspace       used 21269K, committed 21504K, reserved 1114112K
  class space    used 2586K, committed 2688K, reserved 1048576K
}
Event: 6.363 GC heap before
{Heap before GC invocations=6 (full 0):
 garbage-first heap   total 51200K, used 37162K [0x00000000c3400000, 0x0000000100000000)
  region size 1024K, 30 young (30720K), 5 survivors (5120K)
 Metaspace       used 23747K, committed 24000K, reserved 1114112K
  class space    used 2849K, committed 3008K, reserved 1048576K
}
Event: 6.381 GC heap after
{Heap after GC invocations=7 (full 0):
 garbage-first heap   total 51200K, used 17654K [0x00000000c3400000, 0x0000000100000000)
  region size 1024K, 4 young (4096K), 4 survivors (4096K)
 Metaspace       used 23747K, committed 24000K, reserved 1114112K
  class space    used 2849K, committed 3008K, reserved 1048576K
}
Event: 6.447 GC heap before
{Heap before GC invocations=7 (full 0):
 garbage-first heap   total 51200K, used 18678K [0x00000000c3400000, 0x0000000100000000)
  region size 1024K, 5 young (5120K), 4 survivors (4096K)
 Metaspace       used 23754K, committed 24064K, reserved 1114112K
  class space    used 2849K, committed 3008K, reserved 1048576K
}
Event: 6.457 GC heap after
{Heap after GC invocations=8 (full 0):
 garbage-first heap   total 51200K, used 18096K [0x00000000c3400000, 0x0000000100000000)
  region size 1024K, 1 young (1024K), 1 survivors (1024K)
 Metaspace       used 23754K, committed 24064K, reserved 1114112K
  class space    used 2849K, committed 3008K, reserved 1048576K
}
Event: 7.135 GC heap before
{Heap before GC invocations=8 (full 0):
 garbage-first heap   total 51200K, used 36528K [0x00000000c3400000, 0x0000000100000000)
  region size 1024K, 19 young (19456K), 1 survivors (1024K)
 Metaspace       used 23964K, committed 24256K, reserved 1114112K
  class space    used 2850K, committed 3008K, reserved 1048576K
}
Event: 7.139 GC heap after
{Heap after GC invocations=9 (full 0):
 garbage-first heap   total 72704K, used 18223K [0x00000000c3400000, 0x0000000100000000)
  region size 1024K, 1 young (1024K), 1 survivors (1024K)
 Metaspace       used 23964K, committed 24256K, reserved 1114112K
  class space    used 2850K, committed 3008K, reserved 1048576K
}
Event: 9.624 GC heap before
{Heap before GC invocations=9 (full 0):
 garbage-first heap   total 72704K, used 53039K [0x00000000c3400000, 0x0000000100000000)
  region size 1024K, 35 young (35840K), 1 survivors (1024K)
 Metaspace       used 24352K, committed 24704K, reserved 1114112K
  class space    used 2852K, committed 3008K, reserved 1048576K
}
Event: 9.630 GC heap after
{Heap after GC invocations=10 (full 0):
 garbage-first heap   total 72704K, used 19904K [0x00000000c3400000, 0x0000000100000000)
  region size 1024K, 3 young (3072K), 3 survivors (3072K)
 Metaspace       used 24352K, committed 24704K, reserved 1114112K
  class space    used 2852K, committed 3008K, reserved 1048576K
}
Event: 10.308 GC heap before
{Heap before GC invocations=10 (full 0):
 garbage-first heap   total 72704K, used 51648K [0x00000000c3400000, 0x0000000100000000)
  region size 1024K, 27 young (27648K), 3 survivors (3072K)
 Metaspace       used 25448K, committed 25728K, reserved 1114112K
  class space    used 2972K, committed 3136K, reserved 1048576K
}
Event: 10.316 GC heap after
{Heap after GC invocations=11 (full 0):
 garbage-first heap   total 72704K, used 29422K [0x00000000c3400000, 0x0000000100000000)
  region size 1024K, 4 young (4096K), 4 survivors (4096K)
 Metaspace       used 25448K, committed 25728K, reserved 1114112K
  class space    used 2972K, committed 3136K, reserved 1048576K
}
Event: 10.319 GC heap before
{Heap before GC invocations=11 (full 0):
 garbage-first heap   total 72704K, used 41710K [0x00000000c3400000, 0x0000000100000000)
  region size 1024K, 5 young (5120K), 4 survivors (4096K)
 Metaspace       used 25448K, committed 25728K, reserved 1114112K
  class space    used 2972K, committed 3136K, reserved 1048576K
}
Event: 10.324 GC heap after
{Heap after GC invocations=12 (full 0):
 garbage-first heap   total 72704K, used 41926K [0x00000000c3400000, 0x0000000100000000)
  region size 1024K, 2 young (2048K), 2 survivors (2048K)
 Metaspace       used 25448K, committed 25728K, reserved 1114112K
  class space    used 2972K, committed 3136K, reserved 1048576K
}

